<?xml version="1.0" encoding="UTF-8"?>
<robot generator="Robot 6.1.1 (Python 3.13.7 on win32)" generated="20251118 04:33:09.415" rpa="false" schemaversion="4">
<suite id="s1" name="Tests" source="C:\projectsGit\gitKurssit\osa2_isoRepo\osa3\hello-robot\src\tests">
<suite id="s1-s1" name="Increase Counter" source="C:\projectsGit\gitKurssit\osa2_isoRepo\osa3\hello-robot\src\tests\increase_counter.robot">
<test id="s1-s1-t1" name="Increase Counter Once" line="5">
<kw name="Counter Value Should Be" library="CounterLibrary">
<arg>0</arg>
<status status="PASS" starttime="20251118 04:33:09.446" endtime="20251118 04:33:09.446"/>
</kw>
<kw name="Increase Counter" library="CounterLibrary">
<status status="PASS" starttime="20251118 04:33:09.447" endtime="20251118 04:33:09.447"/>
</kw>
<kw name="Counter Value Should Be" library="CounterLibrary">
<arg>1</arg>
<status status="PASS" starttime="20251118 04:33:09.447" endtime="20251118 04:33:09.447"/>
</kw>
<status status="PASS" starttime="20251118 04:33:09.446" endtime="20251118 04:33:09.447"/>
</test>
<test id="s1-s1-t2" name="Increase Counter Many Times" line="10">
<kw name="Counter Value Should Be" library="CounterLibrary">
<arg>0</arg>
<status status="PASS" starttime="20251118 04:33:09.448" endtime="20251118 04:33:09.448"/>
</kw>
<kw name="Increase Counter" library="CounterLibrary">
<status status="PASS" starttime="20251118 04:33:09.449" endtime="20251118 04:33:09.449"/>
</kw>
<kw name="Increase Counter" library="CounterLibrary">
<status status="PASS" starttime="20251118 04:33:09.449" endtime="20251118 04:33:09.449"/>
</kw>
<kw name="Increase Counter" library="CounterLibrary">
<status status="PASS" starttime="20251118 04:33:09.449" endtime="20251118 04:33:09.449"/>
</kw>
<kw name="Counter Value Should Be" library="CounterLibrary">
<arg>3</arg>
<status status="PASS" starttime="20251118 04:33:09.449" endtime="20251118 04:33:09.449"/>
</kw>
<status status="PASS" starttime="20251118 04:33:09.448" endtime="20251118 04:33:09.449"/>
</test>
<test id="s1-s1-t3" name="Increment Counter By Amount" line="17">
<kw name="Counter Value Should Be" library="CounterLibrary">
<arg>0</arg>
<status status="PASS" starttime="20251118 04:33:09.450" endtime="20251118 04:33:09.450"/>
</kw>
<kw name="Increment Counter By" library="CounterLibrary">
<arg>5</arg>
<status status="PASS" starttime="20251118 04:33:09.451" endtime="20251118 04:33:09.451"/>
</kw>
<kw name="Counter Value Should Be" library="CounterLibrary">
<arg>5</arg>
<status status="PASS" starttime="20251118 04:33:09.451" endtime="20251118 04:33:09.451"/>
</kw>
<status status="PASS" starttime="20251118 04:33:09.450" endtime="20251118 04:33:09.451"/>
</test>
<test id="s1-s1-t4" name="Reset Counter After One Increment" line="22">
<kw name="Counter Value Should Be" library="CounterLibrary">
<arg>0</arg>
<status status="PASS" starttime="20251118 04:33:09.453" endtime="20251118 04:33:09.453"/>
</kw>
<kw name="Increase Counter" library="CounterLibrary">
<status status="PASS" starttime="20251118 04:33:09.453" endtime="20251118 04:33:09.453"/>
</kw>
<kw name="Counter Value Should Be" library="CounterLibrary">
<arg>1</arg>
<status status="PASS" starttime="20251118 04:33:09.453" endtime="20251118 04:33:09.453"/>
</kw>
<kw name="Reset Counter" library="CounterLibrary">
<status status="PASS" starttime="20251118 04:33:09.453" endtime="20251118 04:33:09.453"/>
</kw>
<kw name="Counter Value Should Be" library="CounterLibrary">
<arg>0</arg>
<status status="PASS" starttime="20251118 04:33:09.453" endtime="20251118 04:33:09.454"/>
</kw>
<status status="PASS" starttime="20251118 04:33:09.452" endtime="20251118 04:33:09.454"/>
</test>
<test id="s1-s1-t5" name="Reset Counter After Several Increments" line="29">
<kw name="Counter Value Should Be" library="CounterLibrary">
<arg>0</arg>
<status status="PASS" starttime="20251118 04:33:09.455" endtime="20251118 04:33:09.455"/>
</kw>
<kw name="Increment Counter By" library="CounterLibrary">
<arg>5</arg>
<status status="PASS" starttime="20251118 04:33:09.455" endtime="20251118 04:33:09.455"/>
</kw>
<kw name="Counter Value Should Be" library="CounterLibrary">
<arg>5</arg>
<status status="PASS" starttime="20251118 04:33:09.455" endtime="20251118 04:33:09.455"/>
</kw>
<kw name="Reset Counter" library="CounterLibrary">
<status status="PASS" starttime="20251118 04:33:09.456" endtime="20251118 04:33:09.456"/>
</kw>
<kw name="Counter Value Should Be" library="CounterLibrary">
<arg>0</arg>
<status status="PASS" starttime="20251118 04:33:09.456" endtime="20251118 04:33:09.456"/>
</kw>
<status status="PASS" starttime="20251118 04:33:09.454" endtime="20251118 04:33:09.456"/>
</test>
<status status="PASS" starttime="20251118 04:33:09.441" endtime="20251118 04:33:09.457"/>
</suite>
<suite id="s1-s2" name="Reset Counter" source="C:\projectsGit\gitKurssit\osa2_isoRepo\osa3\hello-robot\src\tests\reset_counter.robot">
<test id="s1-s2-t1" name="Reset Counter After One Increment" line="5">
<kw name="Counter Value Should Be" library="CounterLibrary">
<arg>0</arg>
<status status="PASS" starttime="20251118 04:33:09.461" endtime="20251118 04:33:09.461"/>
</kw>
<kw name="Increase Counter" library="CounterLibrary">
<status status="PASS" starttime="20251118 04:33:09.462" endtime="20251118 04:33:09.462"/>
</kw>
<kw name="Counter Value Should Be" library="CounterLibrary">
<arg>1</arg>
<status status="PASS" starttime="20251118 04:33:09.462" endtime="20251118 04:33:09.462"/>
</kw>
<kw name="Reset Counter" library="CounterLibrary">
<status status="PASS" starttime="20251118 04:33:09.462" endtime="20251118 04:33:09.462"/>
</kw>
<kw name="Counter Value Should Be" library="CounterLibrary">
<arg>0</arg>
<status status="PASS" starttime="20251118 04:33:09.462" endtime="20251118 04:33:09.462"/>
</kw>
<status status="PASS" starttime="20251118 04:33:09.461" endtime="20251118 04:33:09.462"/>
</test>
<test id="s1-s2-t2" name="Reset Counter After Several Increments" line="12">
<kw name="Counter Value Should Be" library="CounterLibrary">
<arg>0</arg>
<status status="PASS" starttime="20251118 04:33:09.464" endtime="20251118 04:33:09.464"/>
</kw>
<kw name="Increment Counter By" library="CounterLibrary">
<arg>5</arg>
<status status="PASS" starttime="20251118 04:33:09.464" endtime="20251118 04:33:09.464"/>
</kw>
<kw name="Counter Value Should Be" library="CounterLibrary">
<arg>5</arg>
<status status="PASS" starttime="20251118 04:33:09.464" endtime="20251118 04:33:09.464"/>
</kw>
<kw name="Reset Counter" library="CounterLibrary">
<status status="PASS" starttime="20251118 04:33:09.464" endtime="20251118 04:33:09.464"/>
</kw>
<kw name="Counter Value Should Be" library="CounterLibrary">
<arg>0</arg>
<status status="PASS" starttime="20251118 04:33:09.464" endtime="20251118 04:33:09.465"/>
</kw>
<status status="PASS" starttime="20251118 04:33:09.463" endtime="20251118 04:33:09.465"/>
</test>
<status status="PASS" starttime="20251118 04:33:09.458" endtime="20251118 04:33:09.465"/>
</suite>
<status status="PASS" starttime="20251118 04:33:09.416" endtime="20251118 04:33:09.467"/>
</suite>
<statistics>
<total>
<stat pass="7" fail="0" skip="0">All Tests</stat>
</total>
<tag>
</tag>
<suite>
<stat pass="7" fail="0" skip="0" id="s1" name="Tests">Tests</stat>
<stat pass="5" fail="0" skip="0" id="s1-s1" name="Increase Counter">Tests.Increase Counter</stat>
<stat pass="2" fail="0" skip="0" id="s1-s2" name="Reset Counter">Tests.Reset Counter</stat>
</suite>
</statistics>
<errors>
</errors>
</robot>
