<?xml version="1.0" encoding="UTF-8"?>
<robot generator="Robot 6.1.1 (Python 3.13.7 on win32)" generated="20251118 08:38:20.581" rpa="false" schemaversion="4">
<suite id="s1" name="Tests" source="C:\projectsGit\gitKurssit\osa2_isoRepo\osa3\login-robot\src\tests">
<suite id="s1-s1" name="Login" source="C:\projectsGit\gitKurssit\osa2_isoRepo\osa3\login-robot\src\tests\login.robot">
<test id="s1-s1-t1" name="Login With Correct Credentials" line="6">
<kw name="Create User And Input Login Command" type="SETUP">
<kw name="Create User" library="AppLibrary">
<arg>kalle</arg>
<arg>kalle123</arg>
<status status="PASS" starttime="20251118 08:38:20.615" endtime="20251118 08:38:20.615"/>
</kw>
<kw name="Input Login Command" library="resource">
<kw name="Input" library="AppLibrary">
<arg>login</arg>
<status status="PASS" starttime="20251118 08:38:20.616" endtime="20251118 08:38:20.616"/>
</kw>
<status status="PASS" starttime="20251118 08:38:20.615" endtime="20251118 08:38:20.616"/>
</kw>
<status status="PASS" starttime="20251118 08:38:20.615" endtime="20251118 08:38:20.616"/>
</kw>
<kw name="Input Credentials" library="resource">
<arg>kalle</arg>
<arg>kalle123</arg>
<kw name="Input" library="AppLibrary">
<arg>${username}</arg>
<status status="PASS" starttime="20251118 08:38:20.616" endtime="20251118 08:38:20.616"/>
</kw>
<kw name="Input" library="AppLibrary">
<arg>${password}</arg>
<status status="PASS" starttime="20251118 08:38:20.616" endtime="20251118 08:38:20.616"/>
</kw>
<kw name="Run Application" library="AppLibrary">
<status status="PASS" starttime="20251118 08:38:20.616" endtime="20251118 08:38:20.616"/>
</kw>
<status status="PASS" starttime="20251118 08:38:20.616" endtime="20251118 08:38:20.616"/>
</kw>
<kw name="Output Should Contain" library="AppLibrary">
<arg>Logged in</arg>
<status status="PASS" starttime="20251118 08:38:20.617" endtime="20251118 08:38:20.617"/>
</kw>
<status status="PASS" starttime="20251118 08:38:20.615" endtime="20251118 08:38:20.617"/>
</test>
<test id="s1-s1-t2" name="Login With Incorrect Password" line="10">
<kw name="Create User And Input Login Command" type="SETUP">
<kw name="Create User" library="AppLibrary">
<arg>kalle</arg>
<arg>kalle123</arg>
<status status="PASS" starttime="20251118 08:38:20.618" endtime="20251118 08:38:20.618"/>
</kw>
<kw name="Input Login Command" library="resource">
<kw name="Input" library="AppLibrary">
<arg>login</arg>
<status status="PASS" starttime="20251118 08:38:20.618" endtime="20251118 08:38:20.618"/>
</kw>
<status status="PASS" starttime="20251118 08:38:20.618" endtime="20251118 08:38:20.618"/>
</kw>
<status status="PASS" starttime="20251118 08:38:20.618" endtime="20251118 08:38:20.618"/>
</kw>
<kw name="Input Credentials" library="resource">
<arg>kalle</arg>
<arg>vaara</arg>
<kw name="Input" library="AppLibrary">
<arg>${username}</arg>
<status status="PASS" starttime="20251118 08:38:20.619" endtime="20251118 08:38:20.619"/>
</kw>
<kw name="Input" library="AppLibrary">
<arg>${password}</arg>
<status status="PASS" starttime="20251118 08:38:20.619" endtime="20251118 08:38:20.619"/>
</kw>
<kw name="Run Application" library="AppLibrary">
<status status="PASS" starttime="20251118 08:38:20.619" endtime="20251118 08:38:20.619"/>
</kw>
<status status="PASS" starttime="20251118 08:38:20.619" endtime="20251118 08:38:20.619"/>
</kw>
<kw name="Output Should Contain" library="AppLibrary">
<arg>Invalid username or password</arg>
<status status="PASS" starttime="20251118 08:38:20.619" endtime="20251118 08:38:20.619"/>
</kw>
<status status="PASS" starttime="20251118 08:38:20.618" endtime="20251118 08:38:20.620"/>
</test>
<test id="s1-s1-t3" name="Login With Nonexistent Username" line="14">
<kw name="Create User And Input Login Command" type="SETUP">
<kw name="Create User" library="AppLibrary">
<arg>kalle</arg>
<arg>kalle123</arg>
<status status="PASS" starttime="20251118 08:38:20.621" endtime="20251118 08:38:20.621"/>
</kw>
<kw name="Input Login Command" library="resource">
<kw name="Input" library="AppLibrary">
<arg>login</arg>
<status status="PASS" starttime="20251118 08:38:20.621" endtime="20251118 08:38:20.621"/>
</kw>
<status status="PASS" starttime="20251118 08:38:20.621" endtime="20251118 08:38:20.621"/>
</kw>
<status status="PASS" starttime="20251118 08:38:20.621" endtime="20251118 08:38:20.621"/>
</kw>
<kw name="Input Credentials" library="resource">
<arg>pekka</arg>
<arg>pekka123</arg>
<kw name="Input" library="AppLibrary">
<arg>${username}</arg>
<status status="PASS" starttime="20251118 08:38:20.621" endtime="20251118 08:38:20.621"/>
</kw>
<kw name="Input" library="AppLibrary">
<arg>${password}</arg>
<status status="PASS" starttime="20251118 08:38:20.621" endtime="20251118 08:38:20.622"/>
</kw>
<kw name="Run Application" library="AppLibrary">
<status status="PASS" starttime="20251118 08:38:20.622" endtime="20251118 08:38:20.622"/>
</kw>
<status status="PASS" starttime="20251118 08:38:20.621" endtime="20251118 08:38:20.622"/>
</kw>
<kw name="Output Should Contain" library="AppLibrary">
<arg>Invalid username or password</arg>
<status status="PASS" starttime="20251118 08:38:20.622" endtime="20251118 08:38:20.622"/>
</kw>
<status status="PASS" starttime="20251118 08:38:20.620" endtime="20251118 08:38:20.622"/>
</test>
<status status="PASS" starttime="20251118 08:38:20.606" endtime="20251118 08:38:20.623"/>
</suite>
<suite id="s1-s2" name="Register" source="C:\projectsGit\gitKurssit\osa2_isoRepo\osa3\login-robot\src\tests\register.robot">
<test id="s1-s2-t1" name="Register With Valid Username And Password" line="6">
<kw name="Input New Command" library="resource" type="SETUP">
<kw name="Input" library="AppLibrary">
<arg>new</arg>
<status status="PASS" starttime="20251118 08:38:20.628" endtime="20251118 08:38:20.628"/>
</kw>
<status status="PASS" starttime="20251118 08:38:20.628" endtime="20251118 08:38:20.628"/>
</kw>
<kw name="Input Credentials" library="resource">
<arg>testikalle</arg>
<arg>salasana123</arg>
<kw name="Input" library="AppLibrary">
<arg>${username}</arg>
<status status="PASS" starttime="20251118 08:38:20.628" endtime="20251118 08:38:20.628"/>
</kw>
<kw name="Input" library="AppLibrary">
<arg>${password}</arg>
<status status="PASS" starttime="20251118 08:38:20.628" endtime="20251118 08:38:20.628"/>
</kw>
<kw name="Run Application" library="AppLibrary">
<status status="PASS" starttime="20251118 08:38:20.628" endtime="20251118 08:38:20.629"/>
</kw>
<status status="PASS" starttime="20251118 08:38:20.628" endtime="20251118 08:38:20.629"/>
</kw>
<kw name="Output Should Contain" library="AppLibrary">
<arg>New user registered</arg>
<status status="PASS" starttime="20251118 08:38:20.629" endtime="20251118 08:38:20.629"/>
</kw>
<status status="PASS" starttime="20251118 08:38:20.627" endtime="20251118 08:38:20.629"/>
</test>
<test id="s1-s2-t2" name="Register With Already Taken Username And Valid Password" line="10">
<kw name="Input New Command" library="resource" type="SETUP">
<kw name="Input" library="AppLibrary">
<arg>new</arg>
<status status="PASS" starttime="20251118 08:38:20.630" endtime="20251118 08:38:20.630"/>
</kw>
<status status="PASS" starttime="20251118 08:38:20.630" endtime="20251118 08:38:20.630"/>
</kw>
<kw name="Input Credentials" library="resource">
<arg>kayttaja</arg>
<arg>salasana1234</arg>
<kw name="Input" library="AppLibrary">
<arg>${username}</arg>
<status status="PASS" starttime="20251118 08:38:20.631" endtime="20251118 08:38:20.631"/>
</kw>
<kw name="Input" library="AppLibrary">
<arg>${password}</arg>
<status status="PASS" starttime="20251118 08:38:20.631" endtime="20251118 08:38:20.631"/>
</kw>
<kw name="Run Application" library="AppLibrary">
<status status="PASS" starttime="20251118 08:38:20.631" endtime="20251118 08:38:20.631"/>
</kw>
<status status="PASS" starttime="20251118 08:38:20.630" endtime="20251118 08:38:20.631"/>
</kw>
<kw name="Output Should Contain" library="AppLibrary">
<arg>New user registered</arg>
<status status="PASS" starttime="20251118 08:38:20.631" endtime="20251118 08:38:20.631"/>
</kw>
<kw name="Input New Command" library="resource">
<kw name="Input" library="AppLibrary">
<arg>new</arg>
<status status="PASS" starttime="20251118 08:38:20.632" endtime="20251118 08:38:20.632"/>
</kw>
<status status="PASS" starttime="20251118 08:38:20.631" endtime="20251118 08:38:20.632"/>
</kw>
<kw name="Input Credentials" library="resource">
<arg>kayttaja</arg>
<arg>toinen1234</arg>
<kw name="Input" library="AppLibrary">
<arg>${username}</arg>
<status status="PASS" starttime="20251118 08:38:20.632" endtime="20251118 08:38:20.632"/>
</kw>
<kw name="Input" library="AppLibrary">
<arg>${password}</arg>
<status status="PASS" starttime="20251118 08:38:20.632" endtime="20251118 08:38:20.632"/>
</kw>
<kw name="Run Application" library="AppLibrary">
<status status="PASS" starttime="20251118 08:38:20.632" endtime="20251118 08:38:20.632"/>
</kw>
<status status="PASS" starttime="20251118 08:38:20.632" endtime="20251118 08:38:20.632"/>
</kw>
<kw name="Output Should Contain" library="AppLibrary">
<arg>User with username kayttaja already exists</arg>
<status status="PASS" starttime="20251118 08:38:20.632" endtime="20251118 08:38:20.632"/>
</kw>
<status status="PASS" starttime="20251118 08:38:20.630" endtime="20251118 08:38:20.633"/>
</test>
<test id="s1-s2-t3" name="Register With Too Short Username And Valid Password" line="17">
<kw name="Input New Command" library="resource" type="SETUP">
<kw name="Input" library="AppLibrary">
<arg>new</arg>
<status status="PASS" starttime="20251118 08:38:20.633" endtime="20251118 08:38:20.633"/>
</kw>
<status status="PASS" starttime="20251118 08:38:20.633" endtime="20251118 08:38:20.634"/>
</kw>
<kw name="Input Credentials" library="resource">
<arg>ab</arg>
<arg>salasana1234</arg>
<kw name="Input" library="AppLibrary">
<arg>${username}</arg>
<status status="PASS" starttime="20251118 08:38:20.634" endtime="20251118 08:38:20.634"/>
</kw>
<kw name="Input" library="AppLibrary">
<arg>${password}</arg>
<status status="PASS" starttime="20251118 08:38:20.634" endtime="20251118 08:38:20.634"/>
</kw>
<kw name="Run Application" library="AppLibrary">
<status status="PASS" starttime="20251118 08:38:20.634" endtime="20251118 08:38:20.634"/>
</kw>
<status status="PASS" starttime="20251118 08:38:20.634" endtime="20251118 08:38:20.634"/>
</kw>
<kw name="Output Should Contain" library="AppLibrary">
<arg>Username is too short</arg>
<status status="PASS" starttime="20251118 08:38:20.634" endtime="20251118 08:38:20.634"/>
</kw>
<status status="PASS" starttime="20251118 08:38:20.633" endtime="20251118 08:38:20.634"/>
</test>
<test id="s1-s2-t4" name="Register With Enough Long But Invalid Username And Valid Password" line="21">
<kw name="Input New Command" library="resource" type="SETUP">
<kw name="Input" library="AppLibrary">
<arg>new</arg>
<status status="PASS" starttime="20251118 08:38:20.636" endtime="20251118 08:38:20.636"/>
</kw>
<status status="PASS" starttime="20251118 08:38:20.636" endtime="20251118 08:38:20.636"/>
</kw>
<kw name="Input Credentials" library="resource">
<arg>källe1</arg>
<arg>salasana1234</arg>
<kw name="Input" library="AppLibrary">
<arg>${username}</arg>
<status status="PASS" starttime="20251118 08:38:20.636" endtime="20251118 08:38:20.636"/>
</kw>
<kw name="Input" library="AppLibrary">
<arg>${password}</arg>
<status status="PASS" starttime="20251118 08:38:20.636" endtime="20251118 08:38:20.637"/>
</kw>
<kw name="Run Application" library="AppLibrary">
<status status="PASS" starttime="20251118 08:38:20.637" endtime="20251118 08:38:20.637"/>
</kw>
<status status="PASS" starttime="20251118 08:38:20.636" endtime="20251118 08:38:20.637"/>
</kw>
<kw name="Output Should Contain" library="AppLibrary">
<arg>Username must consist of only a-z characters</arg>
<status status="PASS" starttime="20251118 08:38:20.637" endtime="20251118 08:38:20.637"/>
</kw>
<status status="PASS" starttime="20251118 08:38:20.635" endtime="20251118 08:38:20.637"/>
</test>
<test id="s1-s2-t5" name="Register With Valid Username And Too Short Password" line="25">
<kw name="Input New Command" library="resource" type="SETUP">
<kw name="Input" library="AppLibrary">
<arg>new</arg>
<status status="PASS" starttime="20251118 08:38:20.638" endtime="20251118 08:38:20.638"/>
</kw>
<status status="PASS" starttime="20251118 08:38:20.638" endtime="20251118 08:38:20.638"/>
</kw>
<kw name="Input Credentials" library="resource">
<arg>kalle</arg>
<arg>12345a</arg>
<kw name="Input" library="AppLibrary">
<arg>${username}</arg>
<status status="PASS" starttime="20251118 08:38:20.639" endtime="20251118 08:38:20.639"/>
</kw>
<kw name="Input" library="AppLibrary">
<arg>${password}</arg>
<status status="PASS" starttime="20251118 08:38:20.639" endtime="20251118 08:38:20.639"/>
</kw>
<kw name="Run Application" library="AppLibrary">
<status status="PASS" starttime="20251118 08:38:20.639" endtime="20251118 08:38:20.639"/>
</kw>
<status status="PASS" starttime="20251118 08:38:20.639" endtime="20251118 08:38:20.639"/>
</kw>
<kw name="Output Should Contain" library="AppLibrary">
<arg>Password must be at least 8 characters long</arg>
<status status="PASS" starttime="20251118 08:38:20.639" endtime="20251118 08:38:20.639"/>
</kw>
<status status="PASS" starttime="20251118 08:38:20.638" endtime="20251118 08:38:20.639"/>
</test>
<status status="PASS" starttime="20251118 08:38:20.624" endtime="20251118 08:38:20.641"/>
</suite>
<status status="PASS" starttime="20251118 08:38:20.582" endtime="20251118 08:38:20.643"/>
</suite>
<statistics>
<total>
<stat pass="8" fail="0" skip="0">All Tests</stat>
</total>
<tag>
</tag>
<suite>
<stat pass="8" fail="0" skip="0" id="s1" name="Tests">Tests</stat>
<stat pass="3" fail="0" skip="0" id="s1-s1" name="Login">Tests.Login</stat>
<stat pass="5" fail="0" skip="0" id="s1-s2" name="Register">Tests.Register</stat>
</suite>
</statistics>
<errors>
</errors>
</robot>
