<?xml version="1.0" encoding="UTF-8"?>
<robot generator="Robot 6.1.1 (Python 3.13.7 on win32)" generated="20251118 07:51:41.248" rpa="false" schemaversion="4">
<suite id="s1" name="Tests" source="C:\projectsGit\gitKurssit\osa2_isoRepo\osa3\login-robot\src\tests">
<suite id="s1-s1" name="Login" source="C:\projectsGit\gitKurssit\osa2_isoRepo\osa3\login-robot\src\tests\login.robot">
<test id="s1-s1-t1" name="Login With Correct Credentials" line="6">
<kw name="Create User And Input Login Command" type="SETUP">
<kw name="Create User" library="AppLibrary">
<arg>kalle</arg>
<arg>kalle123</arg>
<status status="PASS" starttime="20251118 07:51:41.295" endtime="20251118 07:51:41.295"/>
</kw>
<kw name="Input Login Command" library="resource">
<kw name="Input" library="AppLibrary">
<arg>login</arg>
<status status="PASS" starttime="20251118 07:51:41.296" endtime="20251118 07:51:41.296"/>
</kw>
<status status="PASS" starttime="20251118 07:51:41.295" endtime="20251118 07:51:41.296"/>
</kw>
<status status="PASS" starttime="20251118 07:51:41.295" endtime="20251118 07:51:41.296"/>
</kw>
<kw name="Input Credentials" library="resource">
<arg>kalle</arg>
<arg>kalle123</arg>
<kw name="Input" library="AppLibrary">
<arg>${username}</arg>
<status status="PASS" starttime="20251118 07:51:41.296" endtime="20251118 07:51:41.296"/>
</kw>
<kw name="Input" library="AppLibrary">
<arg>${password}</arg>
<status status="PASS" starttime="20251118 07:51:41.296" endtime="20251118 07:51:41.296"/>
</kw>
<kw name="Run Application" library="AppLibrary">
<status status="PASS" starttime="20251118 07:51:41.297" endtime="20251118 07:51:41.297"/>
</kw>
<status status="PASS" starttime="20251118 07:51:41.296" endtime="20251118 07:51:41.297"/>
</kw>
<kw name="Output Should Contain" library="AppLibrary">
<arg>Logged in</arg>
<status status="PASS" starttime="20251118 07:51:41.297" endtime="20251118 07:51:41.297"/>
</kw>
<status status="PASS" starttime="20251118 07:51:41.295" endtime="20251118 07:51:41.297"/>
</test>
<test id="s1-s1-t2" name="Login With Incorrect Password" line="10">
<kw name="Create User And Input Login Command" type="SETUP">
<kw name="Create User" library="AppLibrary">
<arg>kalle</arg>
<arg>kalle123</arg>
<status status="PASS" starttime="20251118 07:51:41.299" endtime="20251118 07:51:41.299"/>
</kw>
<kw name="Input Login Command" library="resource">
<kw name="Input" library="AppLibrary">
<arg>login</arg>
<status status="PASS" starttime="20251118 07:51:41.300" endtime="20251118 07:51:41.300"/>
</kw>
<status status="PASS" starttime="20251118 07:51:41.299" endtime="20251118 07:51:41.300"/>
</kw>
<status status="PASS" starttime="20251118 07:51:41.299" endtime="20251118 07:51:41.300"/>
</kw>
<kw name="Input Credentials" library="resource">
<arg>kalle</arg>
<arg>vaara</arg>
<kw name="Input" library="AppLibrary">
<arg>${username}</arg>
<status status="PASS" starttime="20251118 07:51:41.300" endtime="20251118 07:51:41.300"/>
</kw>
<kw name="Input" library="AppLibrary">
<arg>${password}</arg>
<status status="PASS" starttime="20251118 07:51:41.300" endtime="20251118 07:51:41.300"/>
</kw>
<kw name="Run Application" library="AppLibrary">
<status status="PASS" starttime="20251118 07:51:41.300" endtime="20251118 07:51:41.300"/>
</kw>
<status status="PASS" starttime="20251118 07:51:41.300" endtime="20251118 07:51:41.300"/>
</kw>
<kw name="Output Should Contain" library="AppLibrary">
<arg>Invalid username or password</arg>
<status status="PASS" starttime="20251118 07:51:41.301" endtime="20251118 07:51:41.301"/>
</kw>
<status status="PASS" starttime="20251118 07:51:41.298" endtime="20251118 07:51:41.301"/>
</test>
<test id="s1-s1-t3" name="Login With Nonexistent Username" line="14">
<kw name="Create User And Input Login Command" type="SETUP">
<kw name="Create User" library="AppLibrary">
<arg>kalle</arg>
<arg>kalle123</arg>
<status status="PASS" starttime="20251118 07:51:41.302" endtime="20251118 07:51:41.302"/>
</kw>
<kw name="Input Login Command" library="resource">
<kw name="Input" library="AppLibrary">
<arg>login</arg>
<status status="PASS" starttime="20251118 07:51:41.302" endtime="20251118 07:51:41.303"/>
</kw>
<status status="PASS" starttime="20251118 07:51:41.302" endtime="20251118 07:51:41.303"/>
</kw>
<status status="PASS" starttime="20251118 07:51:41.302" endtime="20251118 07:51:41.303"/>
</kw>
<kw name="Input Credentials" library="resource">
<arg>pekka</arg>
<arg>pekka123</arg>
<kw name="Input" library="AppLibrary">
<arg>${username}</arg>
<status status="PASS" starttime="20251118 07:51:41.303" endtime="20251118 07:51:41.303"/>
</kw>
<kw name="Input" library="AppLibrary">
<arg>${password}</arg>
<status status="PASS" starttime="20251118 07:51:41.303" endtime="20251118 07:51:41.303"/>
</kw>
<kw name="Run Application" library="AppLibrary">
<status status="PASS" starttime="20251118 07:51:41.303" endtime="20251118 07:51:41.303"/>
</kw>
<status status="PASS" starttime="20251118 07:51:41.303" endtime="20251118 07:51:41.303"/>
</kw>
<kw name="Output Should Contain" library="AppLibrary">
<arg>Invalid username or password</arg>
<status status="PASS" starttime="20251118 07:51:41.303" endtime="20251118 07:51:41.303"/>
</kw>
<status status="PASS" starttime="20251118 07:51:41.302" endtime="20251118 07:51:41.304"/>
</test>
<status status="PASS" starttime="20251118 07:51:41.273" endtime="20251118 07:51:41.305"/>
</suite>
<suite id="s1-s2" name="Register" source="C:\projectsGit\gitKurssit\osa2_isoRepo\osa3\login-robot\src\tests\register.robot">
<test id="s1-s2-t1" name="Register With Valid Username And Password" line="6">
<kw name="Input New Command" type="SETUP">
<msg timestamp="20251118 07:51:41.312" level="FAIL">No keyword with name 'Input New Command' found.</msg>
<status status="FAIL" starttime="20251118 07:51:41.312" endtime="20251118 07:51:41.312"/>
</kw>
<status status="FAIL" starttime="20251118 07:51:41.309" endtime="20251118 07:51:41.312">Setup failed:
No keyword with name 'Input New Command' found.</status>
</test>
<status status="FAIL" starttime="20251118 07:51:41.306" endtime="20251118 07:51:41.315"/>
</suite>
<status status="FAIL" starttime="20251118 07:51:41.248" endtime="20251118 07:51:41.316"/>
</suite>
<statistics>
<total>
<stat pass="3" fail="1" skip="0">All Tests</stat>
</total>
<tag>
</tag>
<suite>
<stat pass="3" fail="1" skip="0" id="s1" name="Tests">Tests</stat>
<stat pass="3" fail="0" skip="0" id="s1-s1" name="Login">Tests.Login</stat>
<stat pass="0" fail="1" skip="0" id="s1-s2" name="Register">Tests.Register</stat>
</suite>
</statistics>
<errors>
<msg timestamp="20251118 07:51:41.308" level="ERROR">Error in file 'C:\projectsGit\gitKurssit\osa2_isoRepo\osa3\login-robot\src\tests\register.robot' on line 2: Resource file '..\resource.robot' does not exist.</msg>
</errors>
</robot>
